[15:47:47.368] [INFO] storybook v10.3.6
[15:47:47.499] [DEBUG] Getting package.json info for /Volumes/T7 Shield/Progetti dev/Materiale per KTC v2/source_code/ktc-v2/package.json...
[15:47:48.432] [DEBUG] Serving static files from public at /
[15:47:48.460] [WARN] No story files found for the specified pattern: src/**/*.mdx
[15:47:48.523] [DEBUG] Starting preview..
[15:47:48.531] [INFO] Using implicit CSS loaders
[15:47:48.660] [INFO] Using SWC as compiler
[15:47:48.682] [INFO] Using default Webpack5 setup
[15:47:49.097] [DEBUG] Using tsconfig paths for react-docgen
[15:47:50.232] [ERROR] Failed to build the preview
[15:47:50.235] [WARN] Force closed preview build
[15:47:50.236] [ERROR] [38;2;241;97;97mSB_BUILDER-WEBPACK5_0003 (WebpackCompilationError): There were problems when compiling your code with Webpack.
Run Storybook with --debug-webpack for more information.[39m
    at starter (file:///Volumes/T7%20Shield/Progetti%20dev/Materiale%20per%20KTC%20v2/source_code/ktc-v2/node_modules/@storybook/builder-webpack5/dist/index.js:799:11)
    at starter.next (<anonymous>)
    at Module.start (file:///Volumes/T7%20Shield/Progetti%20dev/Materiale%20per%20KTC%20v2/source_code/ktc-v2/node_modules/@storybook/builder-webpack5/dist/index.js:857:34)
    at process.processTicksAndRejections (node:internal/process/task_queues:104:5)
    at async storybookDevServer (file:///Volumes/T7%20Shield/Progetti%20dev/Materiale%20per%20KTC%20v2/source_code/ktc-v2/node_modules/storybook/dist/core-server/index.js:7503:83)
    at async buildOrThrow (file:///Volumes/T7%20Shield/Progetti%20dev/Materiale%20per%20KTC%20v2/source_code/ktc-v2/node_modules/storybook/dist/core-server/index.js:4508:12)
    at async buildDevStandalone (file:///Volumes/T7%20Shield/Progetti%20dev/Materiale%20per%20KTC%20v2/source_code/ktc-v2/node_modules/storybook/dist/core-server/index.js:8033:41)
    at async withTelemetry (file:///Volumes/T7%20Shield/Progetti%20dev/Materiale%20per%20KTC%20v2/source_code/ktc-v2/node_modules/storybook/dist/_node-chunks/chunk-UYONHJJP.js:225:12)
    at async dev (file:///Volumes/T7%20Shield/Progetti%20dev/Materiale%20per%20KTC%20v2/source_code/ktc-v2/node_modules/storybook/dist/bin/core.js:2736:3)
    at async _Command.<anonymous> (file:///Volumes/T7%20Shield/Progetti%20dev/Materiale%20per%20KTC%20v2/source_code/ktc-v2/node_modules/storybook/dist/bin/core.js:2806:92)
[15:47:50.237] [WARN] Broken build, fix the error above.
You may need to refresh the browser.